#
# A fatal error has been detected by the Java Runtime Environment:
#
#  EXCEPTION_ACCESS_VIOLATION (0xc0000005) at pc=0x0000000062dc1827, pid=19104, tid=0x00000000000052c0
#
# JRE version: Java(TM) SE Runtime Environment (8.0_202-b08) (build 1.8.0_202-b08)
# Java VM: Java HotSpot(TM) 64-Bit Server VM (25.202-b08 mixed mode windows-amd64 compressed oops)
# Problematic frame:
# V  [jvm.dll+0x4c1827]
#
# Failed to write core dump. Minidumps are not enabled by default on client versions of Windows
#
# If you would like to submit a bug report, please visit:
#   http://bugreport.java.com/bugreport/crash.jsp
#

---------------  T H R E A D  ---------------

Current thread (0x00000000281a2800):  JavaThread "C2 CompilerThread2" daemon [_thread_in_native, id=21184, stack(0x0000000028d00000,0x0000000028e00000)]

siginfo: ExceptionCode=0xc0000005, reading address 0x000000082dccf060

Registers:
RAX=0x000000002dc82e40, RBX=0x000000002c194370, RCX=0x00000000000009f6, RDX=0x000000002ce19d30
RSP=0x0000000028dfbb90, RBP=0x0000000000000002, RSI=0x000000002ce19d30, RDI=0x0000000028dfc170
R8 =0x0000000000010000, R9 =0x000000002dce3570, R10=0x00000000281e31d8, R11=0x000000002d44cff0
R12=0x00000000281e3830, R13=0x000000002b6541a0, R14=0x0000000028dfc170, R15=0x000000002ce19d30
RIP=0x0000000062dc1827, EFLAGS=0x0000000000010283

Top of Stack: (sp=0x0000000028dfbb90)
0x0000000028dfbb90:   000000002b6554f8 0000000028dfc170
0x0000000028dfbba0:   000000002cb9de88 00000000281e3830
0x0000000028dfbbb0:   000000002b6541a0 0000000062dc5d56
0x0000000028dfbbc0:   0000000028dfbc00 000000002b6554f8
0x0000000028dfbbd0:   000000002b657718 000000002c77d5f8
0x0000000028dfbbe0:   0000000028132d70 0000000000001000
0x0000000028dfbbf0:   000000002d444ff0 0000000000000401
0x0000000028dfbc00:   0000000028dfbd38 0000000028dfbd18
0x0000000028dfbc10:   0000000000000002 0000000028dfc170
0x0000000028dfbc20:   000000002c77d5f8 0000000062dc5f13
0x0000000028dfbc30:   000000002c77d520 000000002c77d5f8
0x0000000028dfbc40:   00000000000005d4 000000002ce19d30
0x0000000028dfbc50:   000000002c77d5f8 0000000028dfbd88
0x0000000028dfbc60:   0000000028dfbde0 0000000062dc77b9
0x0000000028dfbc70:   000000002c77d520 00000000000005d4
0x0000000028dfbc80:   0000000000000001 000000002b831960 

Instructions: (pc=0x0000000062dc1827)
0x0000000062dc1807:   ff 8b 4b 28 48 8b 87 00 0a 00 00 39 2c 88 72 51
0x0000000062dc1817:   48 3b de 74 48 44 8b 43 28 4c 8b 8f f8 09 00 00
0x0000000062dc1827:   4b 8b 1c c1 48 8b 43 08 48 83 38 00 75 26 8b 57
0x0000000062dc1837:   28 8b 43 28 3b c2 73 0c 8b c8 48 8b 47 30 48 8b 


Register to memory mapping:

RAX=0x000000002dc82e40 is an unknown value
RBX=0x000000002c194370 is an unknown value
RCX=0x00000000000009f6 is an unknown value
RDX=0x000000002ce19d30 is an unknown value
RSP=0x0000000028dfbb90 is pointing into the stack for thread: 0x00000000281a2800
RBP=0x0000000000000002 is an unknown value
RSI=0x000000002ce19d30 is an unknown value
RDI=0x0000000028dfc170 is pointing into the stack for thread: 0x00000000281a2800
R8 =0x0000000000010000 is an unknown value
R9 =0x000000002dce3570 is an unknown value
R10=0x00000000281e31d8 is an unknown value
R11=0x000000002d44cff0 is an unknown value
R12=0x00000000281e3830 is an unknown value
R13=0x000000002b6541a0 is an unknown value
R14=0x0000000028dfc170 is pointing into the stack for thread: 0x00000000281a2800
R15=0x000000002ce19d30 is an unknown value


Stack: [0x0000000028d00000,0x0000000028e00000],  sp=0x0000000028dfbb90,  free space=1006k
Native frames: (J=compiled Java code, j=interpreted, Vv=VM code, C=native code)
V  [jvm.dll+0x4c1827]
V  [jvm.dll+0x4c5d56]
V  [jvm.dll+0x4c5f13]
V  [jvm.dll+0x4c77b9]
V  [jvm.dll+0x4c9563]
V  [jvm.dll+0x4798c0]
V  [jvm.dll+0x47a6f3]
V  [jvm.dll+0x45d002]
V  [jvm.dll+0xa6ca2]
V  [jvm.dll+0xa75ef]
V  [jvm.dll+0x24672f]
V  [jvm.dll+0x29fc6a]
C  [msvcr100.dll+0x21d9f]
C  [msvcr100.dll+0x21e3b]
C  [KERNEL32.DLL+0x17bd4]
C  [ntdll.dll+0x6ced1]


Current CompileTask:
C2:   3491 3389       4       org.codehaus.plexus.util.xml.Xpp3Dom::mergeIntoXpp3Dom (490 bytes)


---------------  P R O C E S S  ---------------

Java Threads: ( => current thread )
  0x0000000028241000 JavaThread "Service Thread" daemon [_thread_blocked, id=15784, stack(0x0000000028f00000,0x0000000029000000)]
  0x00000000281a8000 JavaThread "C1 CompilerThread3" daemon [_thread_in_native_trans, id=19512, stack(0x0000000028e00000,0x0000000028f00000)]
=>0x00000000281a2800 JavaThread "C2 CompilerThread2" daemon [_thread_in_native, id=21184, stack(0x0000000028d00000,0x0000000028e00000)]
  0x000000002819c800 JavaThread "C2 CompilerThread1" daemon [_thread_in_native, id=12356, stack(0x0000000028c00000,0x0000000028d00000)]
  0x000000002819b800 JavaThread "C2 CompilerThread0" daemon [_thread_blocked, id=18684, stack(0x0000000028b00000,0x0000000028c00000)]
  0x000000002814f000 JavaThread "Monitor Ctrl-Break" daemon [_thread_in_native, id=15612, stack(0x0000000028a00000,0x0000000028b00000)]
  0x0000000028131800 JavaThread "Attach Listener" daemon [_thread_blocked, id=12480, stack(0x0000000028900000,0x0000000028a00000)]
  0x0000000028130000 JavaThread "Signal Dispatcher" daemon [_thread_blocked, id=15820, stack(0x0000000028800000,0x0000000028900000)]
  0x0000000028120800 JavaThread "Finalizer" daemon [_thread_blocked, id=20412, stack(0x0000000028600000,0x0000000028700000)]
  0x000000002633d000 JavaThread "Reference Handler" daemon [_thread_blocked, id=14912, stack(0x0000000028500000,0x0000000028600000)]
  0x0000000003342800 JavaThread "main" [_thread_in_Java, id=9304, stack(0x00000000030a0000,0x00000000031a0000)]

Other Threads:
  0x0000000026339000 VMThread [stack: 0x0000000028000000,0x0000000028100000] [id=13900]
  0x000000002825b800 WatcherThread [stack: 0x0000000029000000,0x0000000029100000] [id=15196]

VM state:not at safepoint (normal execution)

VM Mutex/Monitor currently owned by a thread: None

heap address: 0x00000005c3a00000, size: 8134 MB, Compressed Oops mode: Zero based, Oop shift amount: 3
Narrow klass base: 0x0000000000000000, Narrow klass shift: 3
Compressed class space size: 1073741824 Address: 0x00000007c0000000

Heap:
 PSYoungGen      total 152576K, used 95365K [0x0000000716900000, 0x0000000729300000, 0x00000007c0000000)
  eden space 131072K, 61% used [0x0000000716900000,0x000000071b749230,0x000000071e900000)
  from space 21504K, 70% used [0x000000071fe00000,0x0000000720cd8250,0x0000000721300000)
  to   space 21504K, 0% used [0x000000071e900000,0x000000071e900000,0x000000071fe00000)
 ParOldGen       total 348160K, used 24K [0x00000005c3a00000, 0x00000005d8e00000, 0x0000000716900000)
  object space 348160K, 0% used [0x00000005c3a00000,0x00000005c3a06000,0x00000005d8e00000)
 Metaspace       used 17060K, capacity 17492K, committed 17792K, reserved 1064960K
  class space    used 1935K, capacity 2049K, committed 2176K, reserved 1048576K

Card table byte_map: [0x0000000012800000,0x00000000137f0000] byte_map_base: 0x000000000f9e3000

Marking Bits: (ParMarkBitMap*) 0x0000000063125ce0
 Begin Bits: [0x0000000014a90000, 0x000000001c9a8000)
 End Bits:   [0x000000001c9a8000, 0x00000000248c0000)

Polling page: 0x0000000000fe0000

CodeCache: size=245760Kb used=13492Kb max_used=13503Kb free=232267Kb
 bounds [0x0000000003440000, 0x0000000004180000, 0x0000000012440000]
 total_blobs=3869 nmethods=3496 adapters=285
 compilation: enabled

Compilation events (10 events):
Event: 3.460 Thread 0x00000000281a8000 nmethod 3492 0x0000000004173710 code [0x00000000041738a0, 0x0000000004173df8]
Event: 3.460 Thread 0x00000000281a8000 3493       3       org.apache.maven.repository.internal.ArtifactDescriptorUtils::toPomArtifact (58 bytes)
Event: 3.460 Thread 0x00000000281a8000 nmethod 3493 0x0000000004173f90 code [0x0000000004174180, 0x0000000004174a68]
Event: 3.464 Thread 0x00000000281a8000 3494       3       java.util.regex.Pattern::newSlice (181 bytes)
Event: 3.465 Thread 0x00000000281a8000 nmethod 3494 0x0000000004174d90 code [0x0000000004175060, 0x0000000004176188]
Event: 3.465 Thread 0x00000000281a8000 3496       3       org.eclipse.aether.util.graph.traverser.FatArtifactTraverser::traverseDependency (27 bytes)
Event: 3.466 Thread 0x00000000281a8000 nmethod 3496 0x0000000004176bd0 code [0x0000000004176da0, 0x0000000004177588]
Event: 3.466 Thread 0x000000002819b800 nmethod 3490 0x000000000417ad90 code [0x000000000417b020, 0x000000000417b928]
Event: 3.466 Thread 0x000000002819b800 3495       4       java.util.regex.Matcher::end (22 bytes)
Event: 3.467 Thread 0x000000002819b800 nmethod 3495 0x0000000004177ed0 code [0x0000000004178000, 0x0000000004178078]

GC Heap History (4 events):
Event: 1.610 GC heap before
{Heap before GC invocations=1 (full 0):
 PSYoungGen      total 152576K, used 131072K [0x0000000716900000, 0x0000000721300000, 0x00000007c0000000)
  eden space 131072K, 100% used [0x0000000716900000,0x000000071e900000,0x000000071e900000)
  from space 21504K, 0% used [0x000000071fe00000,0x000000071fe00000,0x0000000721300000)
  to   space 21504K, 0% used [0x000000071e900000,0x000000071e900000,0x000000071fe00000)
 ParOldGen       total 348160K, used 0K [0x00000005c3a00000, 0x00000005d8e00000, 0x0000000716900000)
  object space 348160K, 0% used [0x00000005c3a00000,0x00000005c3a00000,0x00000005d8e00000)
 Metaspace       used 16039K, capacity 16302K, committed 16640K, reserved 1064960K
  class space    used 1913K, capacity 2006K, committed 2048K, reserved 1048576K
Event: 1.621 GC heap after
Heap after GC invocations=1 (full 0):
 PSYoungGen      total 152576K, used 16816K [0x0000000716900000, 0x0000000721300000, 0x00000007c0000000)
  eden space 131072K, 0% used [0x0000000716900000,0x0000000716900000,0x000000071e900000)
  from space 21504K, 78% used [0x000000071e900000,0x000000071f96c1f0,0x000000071fe00000)
  to   space 21504K, 0% used [0x000000071fe00000,0x000000071fe00000,0x0000000721300000)
 ParOldGen       total 348160K, used 16K [0x00000005c3a00000, 0x00000005d8e00000, 0x0000000716900000)
  object space 348160K, 0% used [0x00000005c3a00000,0x00000005c3a04000,0x00000005d8e00000)
 Metaspace       used 16039K, capacity 16302K, committed 16640K, reserved 1064960K
  class space    used 1913K, capacity 2006K, committed 2048K, reserved 1048576K
}
Event: 2.717 GC heap before
{Heap before GC invocations=2 (full 0):
 PSYoungGen      total 152576K, used 147888K [0x0000000716900000, 0x0000000721300000, 0x00000007c0000000)
  eden space 131072K, 100% used [0x0000000716900000,0x000000071e900000,0x000000071e900000)
  from space 21504K, 78% used [0x000000071e900000,0x000000071f96c1f0,0x000000071fe00000)
  to   space 21504K, 0% used [0x000000071fe00000,0x000000071fe00000,0x0000000721300000)
 ParOldGen       total 348160K, used 16K [0x00000005c3a00000, 0x00000005d8e00000, 0x0000000716900000)
  object space 348160K, 0% used [0x00000005c3a00000,0x00000005c3a04000,0x00000005d8e00000)
 Metaspace       used 16915K, capacity 17300K, committed 17536K, reserved 1064960K
  class space    used 1932K, capacity 2049K, committed 2176K, reserved 1048576K
Event: 2.735 GC heap after
Heap after GC invocations=2 (full 0):
 PSYoungGen      total 152576K, used 15200K [0x0000000716900000, 0x0000000729300000, 0x00000007c0000000)
  eden space 131072K, 0% used [0x0000000716900000,0x0000000716900000,0x000000071e900000)
  from space 21504K, 70% used [0x000000071fe00000,0x0000000720cd8250,0x0000000721300000)
  to   space 21504K, 0% used [0x000000071e900000,0x000000071e900000,0x000000071fe00000)
 ParOldGen       total 348160K, used 24K [0x00000005c3a00000, 0x00000005d8e00000, 0x0000000716900000)
  object space 348160K, 0% used [0x00000005c3a00000,0x00000005c3a06000,0x00000005d8e00000)
 Metaspace       used 16915K, capacity 17300K, committed 17536K, reserved 1064960K
  class space    used 1932K, capacity 2049K, committed 2176K, reserved 1048576K
}

Deoptimization events (10 events):
Event: 2.395 Thread 0x0000000003342800 Uncommon trap: reason=unstable_if action=reinterpret pc=0x0000000003e1a8b4 method=org.apache.maven.model.merge.MavenModelMerger.mergePlugin_Executions(Lorg/apache/maven/model/Plugin;Lorg/apache/maven/model/Plugin;ZLjava/util/Map;)V @ 96
Event: 2.417 Thread 0x0000000003342800 Uncommon trap: reason=unstable_if action=reinterpret pc=0x0000000003f0f640 method=java.util.Properties$LineReader.readLine()I @ 323
Event: 2.417 Thread 0x0000000003342800 Uncommon trap: reason=unstable_if action=reinterpret pc=0x0000000003f722a4 method=java.util.Properties.loadConvert([CII[C)Ljava/lang/String; @ 57
Event: 2.424 Thread 0x0000000003342800 Uncommon trap: reason=unstable_if action=reinterpret pc=0x0000000003e6dcdc method=java.util.Properties$LineReader.readLine()I @ 323
Event: 2.436 Thread 0x0000000003342800 Uncommon trap: reason=unstable_if action=reinterpret pc=0x0000000003f3ed1c method=org.apache.maven.model.merge.ModelMerger.mergePlugin_Version(Lorg/apache/maven/model/Plugin;Lorg/apache/maven/model/Plugin;ZLjava/util/Map;)V @ 12
Event: 2.516 Thread 0x0000000003342800 Uncommon trap: reason=unstable_if action=reinterpret pc=0x0000000003e6b3e8 method=java.util.regex.Pattern$Curly.match0(Ljava/util/regex/Matcher;IILjava/lang/CharSequence;)Z @ 5
Event: 2.516 Thread 0x0000000003342800 Uncommon trap: reason=unstable_if action=reinterpret pc=0x0000000003bfd0dc method=java.util.regex.Pattern$Curly.match0(Ljava/util/regex/Matcher;IILjava/lang/CharSequence;)Z @ 5
Event: 2.576 Thread 0x0000000003342800 Uncommon trap: reason=unstable_if action=reinterpret pc=0x0000000003ef8314 method=org.codehaus.plexus.interpolation.util.StringUtils.capitalizeFirstLetter(Ljava/lang/String;)Ljava/lang/String; @ 13
Event: 2.642 Thread 0x0000000003342800 Uncommon trap: reason=unstable_if action=reinterpret pc=0x0000000003f4be1c method=org.eclipse.aether.artifact.AbstractArtifact.equals(Ljava/lang/Object;)Z @ 66
Event: 3.209 Thread 0x0000000003342800 Uncommon trap: reason=unloaded action=reinterpret pc=0x00000000040a7238 method=org.apache.maven.repository.internal.DefaultVersionRangeResolver.resolveVersionRange(Lorg/eclipse/aether/RepositorySystemSession;Lorg/eclipse/aether/resolution/VersionRangeRequ

Classes redefined (0 events):
No events

Internal exceptions (10 events):
Event: 0.549 Thread 0x0000000003342800 Exception <a 'java/lang/ArrayIndexOutOfBoundsException'> (0x000000071849c3c8) thrown at [C:\re\workspace\8-2-build-windows-amd64-cygwin\jdk8u202\12323\hotspot\src\share\vm\runtime\sharedRuntime.cpp, line 605]
Event: 0.618 Thread 0x0000000003342800 Exception <a 'java/lang/ArrayIndexOutOfBoundsException'> (0x0000000718e65110) thrown at [C:\re\workspace\8-2-build-windows-amd64-cygwin\jdk8u202\12323\hotspot\src\share\vm\runtime\sharedRuntime.cpp, line 605]
Event: 0.619 Thread 0x0000000003342800 Exception <a 'java/lang/ArrayIndexOutOfBoundsException'> (0x0000000718e69a70) thrown at [C:\re\workspace\8-2-build-windows-amd64-cygwin\jdk8u202\12323\hotspot\src\share\vm\runtime\sharedRuntime.cpp, line 605]
Event: 0.664 Thread 0x0000000003342800 Exception <a 'java/lang/ArrayIndexOutOfBoundsException': 66> (0x00000007191c1800) thrown at [C:\re\workspace\8-2-build-windows-amd64-cygwin\jdk8u202\12323\hotspot\src\share\vm\interpreter\interpreterRuntime.cpp, line 368]
Event: 1.027 Thread 0x0000000003342800 Exception <a 'java/lang/NoClassDefFoundError': com/google/inject/servlet/ServletModuleTargetVisitor> (0x000000071bd06550) thrown at [C:\re\workspace\8-2-build-windows-amd64-cygwin\jdk8u202\12323\hotspot\src\share\vm\classfile\systemDictionary.cpp, line 19
Event: 1.027 Thread 0x0000000003342800 Exception <a 'java/lang/NoClassDefFoundError'> (0x000000071bd06550) thrown at [C:\re\workspace\8-2-build-windows-amd64-cygwin\jdk8u202\12323\hotspot\src\share\vm\prims\jvm.cpp, line 1506]
Event: 1.027 Thread 0x0000000003342800 Exception <a 'java/lang/NoClassDefFoundError': javax/annotation/Priority> (0x000000071bd0ae80) thrown at [C:\re\workspace\8-2-build-windows-amd64-cygwin\jdk8u202\12323\hotspot\src\share\vm\classfile\systemDictionary.cpp, line 199]
Event: 1.089 Thread 0x0000000003342800 Implicit null exception at 0x00000000036169db to 0x0000000003616bbd
Event: 1.338 Thread 0x0000000003342800 Implicit null exception at 0x0000000003aa5771 to 0x0000000003aa6a79
Event: 2.354 Thread 0x0000000003342800 Implicit null exception at 0x0000000003f76094 to 0x0000000003f77859

Events (10 events):
Event: 3.247 loading class org/apache/maven/repository/internal/DefaultVersionResolver$Record
Event: 3.247 loading class org/apache/maven/repository/internal/DefaultVersionResolver$Record done
Event: 3.250 Thread 0x0000000003342800 DEOPT PACKING pc=0x0000000003fc0dda sp=0x000000000319c5a0
Event: 3.250 Thread 0x0000000003342800 DEOPT UNPACKING pc=0x0000000003487890 sp=0x000000000319c308 mode 0
Event: 3.289 Thread 0x0000000003342800 DEOPT PACKING pc=0x0000000003fc0dda sp=0x000000000319c5a0
Event: 3.289 Thread 0x0000000003342800 DEOPT UNPACKING pc=0x0000000003487890 sp=0x000000000319c308 mode 0
Event: 3.329 Thread 0x0000000003342800 DEOPT PACKING pc=0x0000000003fc0dda sp=0x000000000319c5a0
Event: 3.329 Thread 0x0000000003342800 DEOPT UNPACKING pc=0x0000000003487890 sp=0x000000000319c308 mode 0
Event: 3.437 Thread 0x0000000003342800 DEOPT PACKING pc=0x0000000003c7e895 sp=0x000000000319c670
Event: 3.437 Thread 0x0000000003342800 DEOPT UNPACKING pc=0x0000000003487890 sp=0x000000000319c378 mode 0


Dynamic libraries:
0x00007ff7fb6a0000 - 0x00007ff7fb6d7000 	C:\Program Files\Java\jdk1.8.0_202\bin\java.exe
0x00007ffa73640000 - 0x00007ffa73830000 	C:\Windows\SYSTEM32\ntdll.dll
0x00007ffa73450000 - 0x00007ffa73502000 	C:\Windows\System32\KERNEL32.DLL
0x00007ffa707b0000 - 0x00007ffa70a53000 	C:\Windows\System32\KERNELBASE.dll
0x00007ffa723a0000 - 0x00007ffa72443000 	C:\Windows\System32\ADVAPI32.dll
0x00007ffa716f0000 - 0x00007ffa7178e000 	C:\Windows\System32\msvcrt.dll
0x00007ffa73080000 - 0x00007ffa73117000 	C:\Windows\System32\sechost.dll
0x00007ffa72ec0000 - 0x00007ffa72fe0000 	C:\Windows\System32\RPCRT4.dll
0x00007ffa71b60000 - 0x00007ffa71cf4000 	C:\Windows\System32\USER32.dll
0x00007ffa71480000 - 0x00007ffa714a1000 	C:\Windows\System32\win32u.dll
0x00007ffa73050000 - 0x00007ffa73076000 	C:\Windows\System32\GDI32.dll
0x00007ffa714b0000 - 0x00007ffa71644000 	C:\Windows\System32\gdi32full.dll
0x00007ffa71650000 - 0x00007ffa716ee000 	C:\Windows\System32\msvcp_win.dll
0x00007ffa705d0000 - 0x00007ffa706ca000 	C:\Windows\System32\ucrtbase.dll
0x00007ffa5a9d0000 - 0x00007ffa5ac55000 	C:\Windows\WinSxS\amd64_microsoft.windows.common-controls_6595b64144ccf1df_6.0.18362.720_none_e6beb5c51314836b\COMCTL32.dll
0x00007ffa717a0000 - 0x00007ffa71ad6000 	C:\Windows\System32\combase.dll
0x00007ffa70a60000 - 0x00007ffa70ae0000 	C:\Windows\System32\bcryptPrimitives.dll
0x00007ffa73510000 - 0x00007ffa7353e000 	C:\Windows\System32\IMM32.DLL
0x0000000063ae0000 - 0x0000000063bb2000 	C:\Program Files\Java\jdk1.8.0_202\jre\bin\msvcr100.dll
0x0000000062900000 - 0x00000000631a5000 	C:\Program Files\Java\jdk1.8.0_202\jre\bin\server\jvm.dll
0x00007ffa73280000 - 0x00007ffa73288000 	C:\Windows\System32\PSAPI.DLL
0x00007ffa62500000 - 0x00007ffa62509000 	C:\Windows\SYSTEM32\WSOCK32.dll
0x00007ffa69420000 - 0x00007ffa6942a000 	C:\Windows\SYSTEM32\VERSION.dll
0x00007ffa6dc80000 - 0x00007ffa6dca4000 	C:\Windows\SYSTEM32\WINMM.dll
0x00007ffa72fe0000 - 0x00007ffa7304f000 	C:\Windows\System32\WS2_32.dll
0x00007ffa6dc50000 - 0x00007ffa6dc7d000 	C:\Windows\SYSTEM32\winmmbase.dll
0x00007ffa70b40000 - 0x00007ffa70b8a000 	C:\Windows\System32\cfgmgr32.dll
0x00007ffa62420000 - 0x00007ffa6242f000 	C:\Program Files\Java\jdk1.8.0_202\jre\bin\verify.dll
0x00007ffa615b0000 - 0x00007ffa615d9000 	C:\Program Files\Java\jdk1.8.0_202\jre\bin\java.dll
0x00007ffa599f0000 - 0x00007ffa59a13000 	C:\Program Files\Java\jdk1.8.0_202\jre\bin\instrument.dll
0x00007ffa62280000 - 0x00007ffa62296000 	C:\Program Files\Java\jdk1.8.0_202\jre\bin\zip.dll
0x00007ffa72700000 - 0x00007ffa72de5000 	C:\Windows\System32\SHELL32.dll
0x00007ffa73120000 - 0x00007ffa731c9000 	C:\Windows\System32\shcore.dll
0x00007ffa70bb0000 - 0x00007ffa71330000 	C:\Windows\System32\windows.storage.dll
0x00007ffa705a0000 - 0x00007ffa705c3000 	C:\Windows\System32\profapi.dll
0x00007ffa70550000 - 0x00007ffa7059a000 	C:\Windows\System32\powrprof.dll
0x00007ffa70500000 - 0x00007ffa70510000 	C:\Windows\System32\UMPDC.dll
0x00007ffa735a0000 - 0x00007ffa735f2000 	C:\Windows\System32\shlwapi.dll
0x00007ffa70510000 - 0x00007ffa70521000 	C:\Windows\System32\kernel.appcore.dll
0x00007ffa70b90000 - 0x00007ffa70ba7000 	C:\Windows\System32\cryptsp.dll
0x00007ffa5c600000 - 0x00007ffa5c61a000 	C:\Program Files\JetBrains\IntelliJ IDEA Community Edition 2019.3.2\bin\breakgen64.dll
0x00007ffa60e00000 - 0x00007ffa60e1a000 	C:\Program Files\Java\jdk1.8.0_202\jre\bin\net.dll
0x00007ffa5b350000 - 0x00007ffa5b525000 	C:\Windows\SYSTEM32\urlmon.dll
0x00007ffa5b0a0000 - 0x00007ffa5b346000 	C:\Windows\SYSTEM32\iertutil.dll
0x00007ffa6fee0000 - 0x00007ffa6feec000 	C:\Windows\SYSTEM32\CRYPTBASE.DLL
0x00007ffa6fd10000 - 0x00007ffa6fd77000 	C:\Windows\system32\mswsock.dll
0x00007ffa6f880000 - 0x00007ffa6f8b3000 	C:\Windows\system32\rsaenh.dll
0x00007ffa70780000 - 0x00007ffa707a6000 	C:\Windows\System32\bcrypt.dll
0x00007ffa70420000 - 0x00007ffa70445000 	C:\Windows\SYSTEM32\USERENV.dll
0x00007ffa6fa20000 - 0x00007ffa6fa5a000 	C:\Windows\SYSTEM32\IPHLPAPI.DLL
0x00007ffa71790000 - 0x00007ffa71798000 	C:\Windows\System32\NSI.dll
0x00007ffa678f0000 - 0x00007ffa67906000 	C:\Windows\SYSTEM32\dhcpcsvc6.DLL
0x00007ffa678c0000 - 0x00007ffa678dc000 	C:\Windows\SYSTEM32\dhcpcsvc.DLL
0x00007ffa6fa60000 - 0x00007ffa6fb2a000 	C:\Windows\SYSTEM32\DNSAPI.dll
0x00007ffa5e6b0000 - 0x00007ffa5e6c2000 	C:\Program Files\Java\jdk1.8.0_202\jre\bin\nio.dll
0x00007ffa61560000 - 0x00007ffa6156a000 	C:\Users\onurt\AppData\Local\Temp\jansi-1.17.1-8225983445868377541.dll
0x00007ffa5d720000 - 0x00007ffa5d72a000 	C:\Users\onurt\AppData\Local\Temp\jansi-1.17.1-6227734383077405254.dll
0x00007ffa6ee20000 - 0x00007ffa6f014000 	C:\Windows\SYSTEM32\dbghelp.dll

VM Arguments:
jvm_args: -Dmaven.multiModuleProjectDirectory=C:\Users\onurt\IdeaProjects\iot_log_collector -Dmaven.home=C:\apache-maven-3.6.3 -Dclassworlds.conf=C:\apache-maven-3.6.3\bin\m2.conf -Dmaven.ext.class.path=C:\Program Files\JetBrains\IntelliJ IDEA Community Edition 2019.3.2\plugins\maven\lib\maven-event-listener.jar -javaagent:C:\Program Files\JetBrains\IntelliJ IDEA Community Edition 2019.3.2\lib\idea_rt.jar=53709:C:\Program Files\JetBrains\IntelliJ IDEA Community Edition 2019.3.2\bin -Dfile.encoding=UTF-8 
java_command: org.codehaus.classworlds.Launcher -Didea.version2019.3.2 package
java_class_path (initial): C:\apache-maven-3.6.3\boot\plexus-classworlds-2.6.0.jar;C:\apache-maven-3.6.3\boot\plexus-classworlds.license;C:\Program Files\JetBrains\IntelliJ IDEA Community Edition 2019.3.2\lib\idea_rt.jar
Launcher Type: SUN_STANDARD

Environment Variables:
JAVA_HOME=C:\Program Files\Java\jdk1.8.0_202
PATH=C:\Program Files (x86)\Common Files\Oracle\Java\javapath;C:\Windows\system32;C:\Windows;C:\Windows\System32\Wbem;C:\Windows\System32\WindowsPowerShell\v1.0\;C:\Windows\System32\OpenSSH\;C:\Program Files (x86)\NVIDIA Corporation\PhysX\Common;C:\Program Files\Java\jdk1.8.0_202\bin;C:\apache-maven-3.6.3\bin;D:\Hadoop\bin;C:\spark-2.4.0-bin-hadoop2.7\bin;C:\Program Files\Git\cmd;;C:\Program Files\Docker\Docker\resources\bin;C:\ProgramData\DockerDesktop\version-bin;C:\Users\onurt\AppData\Local\Microsoft\WindowsApps;C:\Program Files\Java\jdk1.8.0_202\bin;C:\apache-maven-3.6.3\bin;D:\Hadoop\bin;C:\spark-2.4.0-bin-hadoop2.7\bin;C:\Users\onurt\AppData\Local\GitHubDesktop\bin;
USERNAME=onurt
OS=Windows_NT
PROCESSOR_IDENTIFIER=Intel64 Family 6 Model 126 Stepping 5, GenuineIntel



---------------  S Y S T E M  ---------------

OS: Windows 10.0 , 64 bit Build 18362 (10.0.18362.329)

CPU:total 8 (initial active 8) (4 cores per cpu, 2 threads per core) family 6 model 126 stepping 5, cmov, cx8, fxsr, mmx, sse, sse2, sse3, ssse3, sse4.1, sse4.2, popcnt, avx, avx2, aes, clmul, erms, 3dnowpref, lzcnt, ht, tsc, tscinvbit, bmi1, bmi2, adx

Memory: 4k page, physical 33316320k(5665348k free), swap 43318052k(7446468k free)

vm_info: Java HotSpot(TM) 64-Bit Server VM (25.202-b08) for windows-amd64 JRE (1.8.0_202-b08), built on Dec 15 2018 19:54:30 by "java_re" with MS VC++ 10.0 (VS2010)

time: Fri Apr 03 13:43:17 2020
timezone: Turkey Standard Time
elapsed time: 3 seconds (0d 0h 0m 3s)

